2017-08-29 09:23:58,257 INFO o.a.j.u.JMeterUtils: Setting Locale to es_XL
2017-08-29 09:23:58,269 INFO o.a.j.u.JMeterUtils: Could not find resources for 'es_XL', using 'es'
2017-08-29 09:23:58,270 INFO o.a.j.JMeter: Loading user properties from: user.properties
2017-08-29 09:23:58,271 INFO o.a.j.JMeter: Loading system properties from: system.properties
2017-08-29 09:23:58,275 INFO o.a.j.JMeter: Copyright (c) 1998-2017 The Apache Software Foundation
2017-08-29 09:23:58,276 INFO o.a.j.JMeter: Version 3.2 r1790748
2017-08-29 09:23:58,276 INFO o.a.j.JMeter: java.version=1.8.0_131
2017-08-29 09:23:58,276 INFO o.a.j.JMeter: java.vm.name=Java HotSpot(TM) 64-Bit Server VM
2017-08-29 09:23:58,276 INFO o.a.j.JMeter: os.name=Mac OS X
2017-08-29 09:23:58,276 INFO o.a.j.JMeter: os.arch=x86_64
2017-08-29 09:23:58,276 INFO o.a.j.JMeter: os.version=10.12.6
2017-08-29 09:23:58,276 INFO o.a.j.JMeter: file.encoding=UTF-8
2017-08-29 09:23:58,276 INFO o.a.j.JMeter: Max memory     =536870912
2017-08-29 09:23:58,276 INFO o.a.j.JMeter: Available Processors =8
2017-08-29 09:23:58,283 INFO o.a.j.JMeter: Default Locale=español (XL)
2017-08-29 09:23:58,283 INFO o.a.j.JMeter: JMeter  Locale=español (XL)
2017-08-29 09:23:58,283 INFO o.a.j.JMeter: JMeterHome=/Users/daniela/Documents/GitHub/CalidadyPruebasdeSoftware/Jmeter/apache-jmeter-3.2
2017-08-29 09:23:58,283 INFO o.a.j.JMeter: user.dir  =/Users/daniela/Documents/GitHub/CalidadyPruebasdeSoftware/Jmeter/apache-jmeter-3.2/bin
2017-08-29 09:23:58,283 INFO o.a.j.JMeter: PWD       =/Users/daniela/Documents/GitHub/CalidadyPruebasdeSoftware/Jmeter/apache-jmeter-3.2/bin
2017-08-29 09:24:03,293 INFO o.a.j.JMeter: IP: 10.49.69.222 Name: MacBook-Pro-de-daniela.local FullName: 10.49.69.222
2017-08-29 09:24:05,465 INFO o.a.j.g.a.LookAndFeelCommand: Using look and feel: com.apple.laf.AquaLookAndFeel [Mac OS X, System]
2017-08-29 09:24:05,470 INFO o.a.j.JMeter: Loaded icon properties from org/apache/jmeter/images/icon.properties
2017-08-29 09:24:05,865 INFO o.a.j.e.u.CompoundVariable: Note: Function class names must contain the string: '.functions.'
2017-08-29 09:24:05,865 INFO o.a.j.e.u.CompoundVariable: Note: Function class names must not contain the string: '.gui.'
2017-08-29 09:24:06,520 INFO o.a.j.g.u.MenuFactory: Skipping org.apache.jmeter.assertions.BSFAssertion
2017-08-29 09:24:07,076 INFO o.a.j.g.u.MenuFactory: Skipping org.apache.jmeter.extractor.BSFPostProcessor
2017-08-29 09:24:07,104 INFO o.a.j.g.u.MenuFactory: Skipping org.apache.jmeter.modifiers.BSFPreProcessor
2017-08-29 09:24:07,131 INFO o.a.j.p.h.s.HTTPSamplerBase: Parser for text/html is org.apache.jmeter.protocol.http.parser.LagartoBasedHtmlParser
2017-08-29 09:24:07,131 INFO o.a.j.p.h.s.HTTPSamplerBase: Parser for application/xhtml+xml is org.apache.jmeter.protocol.http.parser.LagartoBasedHtmlParser
2017-08-29 09:24:07,131 INFO o.a.j.p.h.s.HTTPSamplerBase: Parser for application/xml is org.apache.jmeter.protocol.http.parser.LagartoBasedHtmlParser
2017-08-29 09:24:07,131 INFO o.a.j.p.h.s.HTTPSamplerBase: Parser for text/xml is org.apache.jmeter.protocol.http.parser.LagartoBasedHtmlParser
2017-08-29 09:24:07,131 INFO o.a.j.p.h.s.HTTPSamplerBase: Parser for text/vnd.wap.wml is org.apache.jmeter.protocol.http.parser.RegexpHTMLParser
2017-08-29 09:24:07,131 INFO o.a.j.p.h.s.HTTPSamplerBase: Parser for text/css is org.apache.jmeter.protocol.http.parser.CssParser
2017-08-29 09:24:07,461 INFO o.a.j.e.KeyToolUtils: keytool found at 'keytool'
2017-08-29 09:24:07,461 INFO o.a.j.p.h.p.ProxyControl: HTTP(S) Test Script Recorder SSL Proxy will use keys that support embedded 3rd party resources in file /Users/daniela/Documents/GitHub/CalidadyPruebasdeSoftware/Jmeter/apache-jmeter-3.2/bin/proxyserver.jks
2017-08-29 09:24:07,554 INFO o.a.j.g.u.MenuFactory: Skipping org.apache.jmeter.protocol.java.sampler.BSFSampler
2017-08-29 09:24:07,591 INFO o.a.j.s.FileServer: Default base='/Users/daniela/Documents/GitHub/CalidadyPruebasdeSoftware/Jmeter/apache-jmeter-3.2/bin'
2017-08-29 09:24:07,654 INFO o.a.j.g.u.MenuFactory: Skipping org.apache.jmeter.protocol.mongodb.config.MongoSourceElement
2017-08-29 09:24:07,654 INFO o.a.j.g.u.MenuFactory: Skipping org.apache.jmeter.protocol.mongodb.sampler.MongoScriptSampler
2017-08-29 09:24:07,763 INFO o.a.j.g.u.MenuFactory: Skipping org.apache.jmeter.timers.BSFTimer
2017-08-29 09:24:07,787 INFO o.a.j.g.u.MenuFactory: Skipping org.apache.jmeter.visualizers.BSFListener
2017-08-29 09:24:07,901 INFO o.a.j.s.SampleResult: Note: Sample TimeStamps are START times
2017-08-29 09:24:07,901 INFO o.a.j.s.SampleResult: sampleresult.default.encoding is set to ISO-8859-1
2017-08-29 09:24:07,901 INFO o.a.j.s.SampleResult: sampleresult.useNanoTime=true
2017-08-29 09:24:07,901 INFO o.a.j.s.SampleResult: sampleresult.nanoThreadSleep=5000
2017-08-29 09:24:18,378 INFO o.a.j.g.a.Load: Loading file: /Users/daniela/Documents/GitHub/CalidadyPruebasdeSoftware/Jmeter/apache-jmeter-3.2/bin/Petición JDBC.jmx
2017-08-29 09:24:18,379 INFO o.a.j.s.FileServer: Set new base='/Users/daniela/Documents/GitHub/CalidadyPruebasdeSoftware/Jmeter/apache-jmeter-3.2/bin'
2017-08-29 09:24:18,466 INFO o.a.j.s.SaveService: Testplan (JMX) version: 2.2. Testlog (JTL) version: 2.2
2017-08-29 09:24:18,476 INFO o.a.j.s.SaveService: Using SaveService properties file encoding UTF-8
2017-08-29 09:24:18,477 INFO o.a.j.s.SaveService: Using SaveService properties version 3.2
2017-08-29 09:24:18,480 INFO o.a.j.s.SaveService: Loading file: /Users/daniela/Documents/GitHub/CalidadyPruebasdeSoftware/Jmeter/apache-jmeter-3.2/bin/Petición JDBC.jmx
2017-08-29 09:24:18,556 INFO o.a.j.s.FileServer: Set new base='/Users/daniela/Documents/GitHub/CalidadyPruebasdeSoftware/Jmeter/apache-jmeter-3.2/bin'
2017-08-29 09:24:20,904 INFO o.a.j.e.StandardJMeterEngine: Running the test!
2017-08-29 09:24:20,905 INFO o.a.j.s.SampleEvent: List of sample_variables: []
2017-08-29 09:24:20,905 INFO o.a.j.s.SampleEvent: List of sample_variables: []
2017-08-29 09:24:20,921 INFO o.a.j.g.u.JMeterMenuBar: setRunning(true, *local*)
2017-08-29 09:24:21,035 INFO o.a.j.e.StandardJMeterEngine: Starting ThreadGroup: 1 : Grupo de Hilos
2017-08-29 09:24:21,035 INFO o.a.j.e.StandardJMeterEngine: Starting 1 threads for group Grupo de Hilos.
2017-08-29 09:24:21,035 INFO o.a.j.e.StandardJMeterEngine: Thread will continue on error
2017-08-29 09:24:21,035 INFO o.a.j.t.ThreadGroup: Starting thread group... number=1 threads=1 ramp-up=1 perThread=1000.0 delayedStart=false
2017-08-29 09:24:21,039 INFO o.a.j.t.ThreadGroup: Started thread group number 1
2017-08-29 09:24:21,039 INFO o.a.j.e.StandardJMeterEngine: All thread groups have been started
2017-08-29 09:24:21,040 INFO o.a.j.t.JMeterThread: Thread started: Grupo de Hilos 1-1
2017-08-29 09:24:21,043 INFO o.a.j.t.JMeterThread: Thread is done: Grupo de Hilos 1-1
2017-08-29 09:24:21,043 INFO o.a.j.t.JMeterThread: Thread finished: Grupo de Hilos 1-1
2017-08-29 09:24:21,043 INFO o.a.j.e.StandardJMeterEngine: Notifying test listeners of end of test
2017-08-29 09:24:21,044 INFO o.a.j.g.u.JMeterMenuBar: setRunning(false, *local*)
2017-08-29 09:24:49,304 INFO o.a.j.e.StandardJMeterEngine: Running the test!
2017-08-29 09:24:49,305 INFO o.a.j.s.SampleEvent: List of sample_variables: []
2017-08-29 09:24:49,307 INFO o.a.j.g.u.JMeterMenuBar: setRunning(true, *local*)
2017-08-29 09:24:49,400 INFO o.a.j.e.StandardJMeterEngine: Starting ThreadGroup: 1 : Grupo de Hilos
2017-08-29 09:24:49,400 INFO o.a.j.e.StandardJMeterEngine: Starting 1 threads for group Grupo de Hilos.
2017-08-29 09:24:49,400 INFO o.a.j.e.StandardJMeterEngine: Thread will continue on error
2017-08-29 09:24:49,400 INFO o.a.j.t.ThreadGroup: Starting thread group... number=1 threads=1 ramp-up=1 perThread=1000.0 delayedStart=false
2017-08-29 09:24:49,400 INFO o.a.j.t.ThreadGroup: Started thread group number 1
2017-08-29 09:24:49,401 INFO o.a.j.e.StandardJMeterEngine: All thread groups have been started
2017-08-29 09:24:49,401 INFO o.a.j.t.JMeterThread: Thread started: Grupo de Hilos 1-1
2017-08-29 09:24:49,402 INFO o.a.j.t.JMeterThread: Thread is done: Grupo de Hilos 1-1
2017-08-29 09:24:49,402 INFO o.a.j.t.JMeterThread: Thread finished: Grupo de Hilos 1-1
2017-08-29 09:24:49,402 INFO o.a.j.e.StandardJMeterEngine: Notifying test listeners of end of test
2017-08-29 09:24:49,402 INFO o.a.j.g.u.JMeterMenuBar: setRunning(false, *local*)
2017-08-29 09:24:51,484 INFO o.a.j.e.StandardJMeterEngine: Running the test!
2017-08-29 09:24:51,485 INFO o.a.j.s.SampleEvent: List of sample_variables: []
2017-08-29 09:24:51,487 INFO o.a.j.g.u.JMeterMenuBar: setRunning(true, *local*)
2017-08-29 09:24:51,578 INFO o.a.j.e.StandardJMeterEngine: Starting ThreadGroup: 1 : Grupo de Hilos
2017-08-29 09:24:51,578 INFO o.a.j.e.StandardJMeterEngine: Starting 1 threads for group Grupo de Hilos.
2017-08-29 09:24:51,578 INFO o.a.j.e.StandardJMeterEngine: Thread will continue on error
2017-08-29 09:24:51,578 INFO o.a.j.t.ThreadGroup: Starting thread group... number=1 threads=1 ramp-up=1 perThread=1000.0 delayedStart=false
2017-08-29 09:24:51,578 INFO o.a.j.t.ThreadGroup: Started thread group number 1
2017-08-29 09:24:51,579 INFO o.a.j.e.StandardJMeterEngine: All thread groups have been started
2017-08-29 09:24:51,579 INFO o.a.j.t.JMeterThread: Thread started: Grupo de Hilos 1-1
2017-08-29 09:24:51,580 INFO o.a.j.t.JMeterThread: Thread is done: Grupo de Hilos 1-1
2017-08-29 09:24:51,580 INFO o.a.j.t.JMeterThread: Thread finished: Grupo de Hilos 1-1
2017-08-29 09:24:51,580 INFO o.a.j.e.StandardJMeterEngine: Notifying test listeners of end of test
2017-08-29 09:24:51,580 INFO o.a.j.g.u.JMeterMenuBar: setRunning(false, *local*)
2017-08-29 09:24:52,232 INFO o.a.j.e.StandardJMeterEngine: Running the test!
2017-08-29 09:24:52,232 INFO o.a.j.s.SampleEvent: List of sample_variables: []
2017-08-29 09:24:52,234 INFO o.a.j.g.u.JMeterMenuBar: setRunning(true, *local*)
2017-08-29 09:24:52,321 INFO o.a.j.e.StandardJMeterEngine: Starting ThreadGroup: 1 : Grupo de Hilos
2017-08-29 09:24:52,321 INFO o.a.j.e.StandardJMeterEngine: Starting 1 threads for group Grupo de Hilos.
2017-08-29 09:24:52,321 INFO o.a.j.e.StandardJMeterEngine: Thread will continue on error
2017-08-29 09:24:52,321 INFO o.a.j.t.ThreadGroup: Starting thread group... number=1 threads=1 ramp-up=1 perThread=1000.0 delayedStart=false
2017-08-29 09:24:52,321 INFO o.a.j.t.ThreadGroup: Started thread group number 1
2017-08-29 09:24:52,322 INFO o.a.j.e.StandardJMeterEngine: All thread groups have been started
2017-08-29 09:24:52,322 INFO o.a.j.t.JMeterThread: Thread started: Grupo de Hilos 1-1
2017-08-29 09:24:52,322 INFO o.a.j.t.JMeterThread: Thread is done: Grupo de Hilos 1-1
2017-08-29 09:24:52,322 INFO o.a.j.t.JMeterThread: Thread finished: Grupo de Hilos 1-1
2017-08-29 09:24:52,322 INFO o.a.j.e.StandardJMeterEngine: Notifying test listeners of end of test
2017-08-29 09:24:52,323 INFO o.a.j.g.u.JMeterMenuBar: setRunning(false, *local*)
2017-08-29 09:24:53,245 INFO o.a.j.e.StandardJMeterEngine: Running the test!
2017-08-29 09:24:53,245 INFO o.a.j.s.SampleEvent: List of sample_variables: []
2017-08-29 09:24:53,246 INFO o.a.j.g.u.JMeterMenuBar: setRunning(true, *local*)
2017-08-29 09:24:53,330 INFO o.a.j.e.StandardJMeterEngine: Starting ThreadGroup: 1 : Grupo de Hilos
2017-08-29 09:24:53,330 INFO o.a.j.e.StandardJMeterEngine: Starting 1 threads for group Grupo de Hilos.
2017-08-29 09:24:53,330 INFO o.a.j.e.StandardJMeterEngine: Thread will continue on error
2017-08-29 09:24:53,330 INFO o.a.j.t.ThreadGroup: Starting thread group... number=1 threads=1 ramp-up=1 perThread=1000.0 delayedStart=false
2017-08-29 09:24:53,331 INFO o.a.j.t.ThreadGroup: Started thread group number 1
2017-08-29 09:24:53,331 INFO o.a.j.e.StandardJMeterEngine: All thread groups have been started
2017-08-29 09:24:53,331 INFO o.a.j.t.JMeterThread: Thread started: Grupo de Hilos 1-1
2017-08-29 09:24:53,332 INFO o.a.j.t.JMeterThread: Thread is done: Grupo de Hilos 1-1
2017-08-29 09:24:53,332 INFO o.a.j.t.JMeterThread: Thread finished: Grupo de Hilos 1-1
2017-08-29 09:24:53,332 INFO o.a.j.e.StandardJMeterEngine: Notifying test listeners of end of test
2017-08-29 09:24:53,332 INFO o.a.j.g.u.JMeterMenuBar: setRunning(false, *local*)
2017-08-29 09:24:54,054 INFO o.a.j.e.StandardJMeterEngine: Running the test!
2017-08-29 09:24:54,054 INFO o.a.j.s.SampleEvent: List of sample_variables: []
2017-08-29 09:24:54,055 INFO o.a.j.g.u.JMeterMenuBar: setRunning(true, *local*)
2017-08-29 09:24:54,138 INFO o.a.j.e.StandardJMeterEngine: Starting ThreadGroup: 1 : Grupo de Hilos
2017-08-29 09:24:54,138 INFO o.a.j.e.StandardJMeterEngine: Starting 1 threads for group Grupo de Hilos.
2017-08-29 09:24:54,138 INFO o.a.j.e.StandardJMeterEngine: Thread will continue on error
2017-08-29 09:24:54,138 INFO o.a.j.t.ThreadGroup: Starting thread group... number=1 threads=1 ramp-up=1 perThread=1000.0 delayedStart=false
2017-08-29 09:24:54,139 INFO o.a.j.t.ThreadGroup: Started thread group number 1
2017-08-29 09:24:54,139 INFO o.a.j.e.StandardJMeterEngine: All thread groups have been started
2017-08-29 09:24:54,139 INFO o.a.j.t.JMeterThread: Thread started: Grupo de Hilos 1-1
2017-08-29 09:24:54,139 INFO o.a.j.t.JMeterThread: Thread is done: Grupo de Hilos 1-1
2017-08-29 09:24:54,140 INFO o.a.j.t.JMeterThread: Thread finished: Grupo de Hilos 1-1
2017-08-29 09:24:54,140 INFO o.a.j.e.StandardJMeterEngine: Notifying test listeners of end of test
2017-08-29 09:24:54,140 INFO o.a.j.g.u.JMeterMenuBar: setRunning(false, *local*)
2017-08-29 09:27:06,949 INFO o.a.j.e.StandardJMeterEngine: Running the test!
2017-08-29 09:27:06,950 INFO o.a.j.s.SampleEvent: List of sample_variables: []
2017-08-29 09:27:06,951 INFO o.a.j.g.u.JMeterMenuBar: setRunning(true, *local*)
2017-08-29 09:27:07,048 INFO o.a.j.e.StandardJMeterEngine: Starting ThreadGroup: 1 : Grupo de Hilos
2017-08-29 09:27:07,048 INFO o.a.j.e.StandardJMeterEngine: Starting 1 threads for group Grupo de Hilos.
2017-08-29 09:27:07,048 INFO o.a.j.e.StandardJMeterEngine: Thread will continue on error
2017-08-29 09:27:07,048 INFO o.a.j.t.ThreadGroup: Starting thread group... number=1 threads=1 ramp-up=1 perThread=1000.0 delayedStart=false
2017-08-29 09:27:07,049 INFO o.a.j.t.ThreadGroup: Started thread group number 1
2017-08-29 09:27:07,050 INFO o.a.j.e.StandardJMeterEngine: All thread groups have been started
2017-08-29 09:27:07,050 INFO o.a.j.t.JMeterThread: Thread started: Grupo de Hilos 1-1
2017-08-29 09:27:07,050 INFO o.a.j.t.JMeterThread: Thread is done: Grupo de Hilos 1-1
2017-08-29 09:27:07,050 INFO o.a.j.t.JMeterThread: Thread finished: Grupo de Hilos 1-1
2017-08-29 09:27:07,050 INFO o.a.j.e.StandardJMeterEngine: Notifying test listeners of end of test
2017-08-29 09:27:07,055 INFO o.a.j.g.u.JMeterMenuBar: setRunning(false, *local*)
2017-08-29 09:27:32,721 INFO o.a.j.e.StandardJMeterEngine: Running the test!
2017-08-29 09:27:32,722 INFO o.a.j.s.SampleEvent: List of sample_variables: []
2017-08-29 09:27:32,725 INFO o.a.j.g.u.JMeterMenuBar: setRunning(true, *local*)
2017-08-29 09:27:32,817 INFO o.a.j.e.StandardJMeterEngine: Starting ThreadGroup: 1 : Grupo de Hilos
2017-08-29 09:27:32,817 INFO o.a.j.e.StandardJMeterEngine: Starting 1 threads for group Grupo de Hilos.
2017-08-29 09:27:32,817 INFO o.a.j.e.StandardJMeterEngine: Thread will continue on error
2017-08-29 09:27:32,817 INFO o.a.j.t.ThreadGroup: Starting thread group... number=1 threads=1 ramp-up=1 perThread=1000.0 delayedStart=false
2017-08-29 09:27:32,818 INFO o.a.j.t.ThreadGroup: Started thread group number 1
2017-08-29 09:27:32,818 INFO o.a.j.e.StandardJMeterEngine: All thread groups have been started
2017-08-29 09:27:32,818 INFO o.a.j.t.JMeterThread: Thread started: Grupo de Hilos 1-1
2017-08-29 09:27:32,863 INFO o.a.j.t.JMeterThread: Thread is done: Grupo de Hilos 1-1
2017-08-29 09:27:32,863 INFO o.a.j.t.JMeterThread: Thread finished: Grupo de Hilos 1-1
2017-08-29 09:27:32,863 INFO o.a.j.e.StandardJMeterEngine: Notifying test listeners of end of test
2017-08-29 09:27:32,864 INFO o.a.j.g.u.JMeterMenuBar: setRunning(false, *local*)
2017-08-29 09:29:38,833 INFO o.a.j.e.StandardJMeterEngine: Running the test!
2017-08-29 09:29:38,834 INFO o.a.j.s.SampleEvent: List of sample_variables: []
2017-08-29 09:29:38,835 INFO o.a.j.g.u.JMeterMenuBar: setRunning(true, *local*)
2017-08-29 09:29:38,935 INFO o.a.j.e.StandardJMeterEngine: Starting ThreadGroup: 1 : Grupo de Hilos
2017-08-29 09:29:38,936 INFO o.a.j.e.StandardJMeterEngine: Starting 1 threads for group Grupo de Hilos.
2017-08-29 09:29:38,936 INFO o.a.j.e.StandardJMeterEngine: Thread will continue on error
2017-08-29 09:29:38,936 INFO o.a.j.t.ThreadGroup: Starting thread group... number=1 threads=1 ramp-up=1 perThread=1000.0 delayedStart=false
2017-08-29 09:29:38,937 INFO o.a.j.t.ThreadGroup: Started thread group number 1
2017-08-29 09:29:38,937 INFO o.a.j.e.StandardJMeterEngine: All thread groups have been started
2017-08-29 09:29:38,937 INFO o.a.j.t.JMeterThread: Thread started: Grupo de Hilos 1-1
2017-08-29 09:29:38,939 INFO o.a.j.t.JMeterThread: Thread is done: Grupo de Hilos 1-1
2017-08-29 09:29:38,939 INFO o.a.j.t.JMeterThread: Thread finished: Grupo de Hilos 1-1
2017-08-29 09:29:38,939 INFO o.a.j.e.StandardJMeterEngine: Notifying test listeners of end of test
2017-08-29 09:29:38,939 INFO o.a.j.g.u.JMeterMenuBar: setRunning(false, *local*)
2017-08-29 09:31:59,680 INFO o.a.j.e.StandardJMeterEngine: Running the test!
2017-08-29 09:31:59,680 INFO o.a.j.s.SampleEvent: List of sample_variables: []
2017-08-29 09:31:59,681 INFO o.a.j.g.u.JMeterMenuBar: setRunning(true, *local*)
2017-08-29 09:31:59,778 INFO o.a.j.e.StandardJMeterEngine: Starting ThreadGroup: 1 : Grupo de Hilos
2017-08-29 09:31:59,779 INFO o.a.j.e.StandardJMeterEngine: Starting 1 threads for group Grupo de Hilos.
2017-08-29 09:31:59,779 INFO o.a.j.e.StandardJMeterEngine: Thread will continue on error
2017-08-29 09:31:59,779 INFO o.a.j.t.ThreadGroup: Starting thread group... number=1 threads=1 ramp-up=1 perThread=1000.0 delayedStart=false
2017-08-29 09:31:59,779 INFO o.a.j.t.ThreadGroup: Started thread group number 1
2017-08-29 09:31:59,779 INFO o.a.j.e.StandardJMeterEngine: All thread groups have been started
2017-08-29 09:31:59,780 INFO o.a.j.t.JMeterThread: Thread started: Grupo de Hilos 1-1
2017-08-29 09:31:59,780 INFO o.a.j.t.JMeterThread: Thread is done: Grupo de Hilos 1-1
2017-08-29 09:31:59,780 INFO o.a.j.t.JMeterThread: Thread finished: Grupo de Hilos 1-1
2017-08-29 09:31:59,781 INFO o.a.j.e.StandardJMeterEngine: Notifying test listeners of end of test
2017-08-29 09:31:59,781 INFO o.a.j.g.u.JMeterMenuBar: setRunning(false, *local*)
2017-08-29 09:32:32,041 INFO o.a.j.e.StandardJMeterEngine: Running the test!
2017-08-29 09:32:32,041 INFO o.a.j.s.SampleEvent: List of sample_variables: []
2017-08-29 09:32:32,042 INFO o.a.j.g.u.JMeterMenuBar: setRunning(true, *local*)
2017-08-29 09:32:32,160 INFO o.a.j.e.StandardJMeterEngine: Starting ThreadGroup: 1 : Grupo de Hilos
2017-08-29 09:32:32,160 INFO o.a.j.e.StandardJMeterEngine: Starting 1 threads for group Grupo de Hilos.
2017-08-29 09:32:32,160 INFO o.a.j.e.StandardJMeterEngine: Thread will continue on error
2017-08-29 09:32:32,160 INFO o.a.j.t.ThreadGroup: Starting thread group... number=1 threads=1 ramp-up=1 perThread=1000.0 delayedStart=false
2017-08-29 09:32:32,161 INFO o.a.j.t.ThreadGroup: Started thread group number 1
2017-08-29 09:32:32,161 INFO o.a.j.e.StandardJMeterEngine: All thread groups have been started
2017-08-29 09:32:32,161 INFO o.a.j.t.JMeterThread: Thread started: Grupo de Hilos 1-1
2017-08-29 09:32:32,162 INFO o.a.j.t.JMeterThread: Thread is done: Grupo de Hilos 1-1
2017-08-29 09:32:32,162 INFO o.a.j.t.JMeterThread: Thread finished: Grupo de Hilos 1-1
2017-08-29 09:32:32,162 INFO o.a.j.e.StandardJMeterEngine: Notifying test listeners of end of test
2017-08-29 09:32:32,162 INFO o.a.j.g.u.JMeterMenuBar: setRunning(false, *local*)
2017-08-29 09:32:47,894 INFO o.a.j.e.StandardJMeterEngine: Running the test!
2017-08-29 09:32:47,895 INFO o.a.j.s.SampleEvent: List of sample_variables: []
2017-08-29 09:32:47,896 INFO o.a.j.g.u.JMeterMenuBar: setRunning(true, *local*)
2017-08-29 09:32:48,001 INFO o.a.j.e.StandardJMeterEngine: Starting ThreadGroup: 1 : Grupo de Hilos
2017-08-29 09:32:48,001 INFO o.a.j.e.StandardJMeterEngine: Starting 1 threads for group Grupo de Hilos.
2017-08-29 09:32:48,001 INFO o.a.j.e.StandardJMeterEngine: Thread will continue on error
2017-08-29 09:32:48,002 INFO o.a.j.t.ThreadGroup: Starting thread group... number=1 threads=1 ramp-up=1 perThread=1000.0 delayedStart=false
2017-08-29 09:32:48,002 INFO o.a.j.t.ThreadGroup: Started thread group number 1
2017-08-29 09:32:48,002 INFO o.a.j.e.StandardJMeterEngine: All thread groups have been started
2017-08-29 09:32:48,002 INFO o.a.j.t.JMeterThread: Thread started: Grupo de Hilos 1-1
2017-08-29 09:32:48,003 INFO o.a.j.t.JMeterThread: Thread is done: Grupo de Hilos 1-1
2017-08-29 09:32:48,003 INFO o.a.j.t.JMeterThread: Thread finished: Grupo de Hilos 1-1
2017-08-29 09:32:48,003 INFO o.a.j.e.StandardJMeterEngine: Notifying test listeners of end of test
2017-08-29 09:32:48,003 INFO o.a.j.g.u.JMeterMenuBar: setRunning(false, *local*)
2017-08-29 09:34:20,349 INFO o.a.j.e.StandardJMeterEngine: Running the test!
2017-08-29 09:34:20,350 INFO o.a.j.s.SampleEvent: List of sample_variables: []
2017-08-29 09:34:20,350 ERROR o.a.j.JMeter: Uncaught exception: 
java.lang.IllegalArgumentException: Variable Name must not be empty for element:Configuración de la Conexión JDBC
	at org.apache.jmeter.protocol.jdbc.config.DataSourceElement.testStarted(DataSourceElement.java:111) ~[ApacheJMeter_jdbc.jar:3.2 r1790748]
	at org.apache.jmeter.engine.StandardJMeterEngine.notifyTestListenersOfStart(StandardJMeterEngine.java:218) ~[ApacheJMeter_core.jar:3.2 r1790748]
	at org.apache.jmeter.engine.StandardJMeterEngine.run(StandardJMeterEngine.java:388) ~[ApacheJMeter_core.jar:3.2 r1790748]
	at java.lang.Thread.run(Thread.java:748) [?:1.8.0_131]
2017-08-29 09:34:27,702 INFO o.a.j.e.StandardJMeterEngine: Running the test!
2017-08-29 09:34:27,702 INFO o.a.j.s.SampleEvent: List of sample_variables: []
2017-08-29 09:34:27,703 INFO o.a.j.g.u.JMeterMenuBar: setRunning(true, *local*)
2017-08-29 09:34:27,822 INFO o.a.j.e.StandardJMeterEngine: Starting ThreadGroup: 1 : Grupo de Hilos
2017-08-29 09:34:27,822 INFO o.a.j.e.StandardJMeterEngine: Starting 1 threads for group Grupo de Hilos.
2017-08-29 09:34:27,822 INFO o.a.j.e.StandardJMeterEngine: Thread will continue on error
2017-08-29 09:34:27,822 INFO o.a.j.t.ThreadGroup: Starting thread group... number=1 threads=1 ramp-up=1 perThread=1000.0 delayedStart=false
2017-08-29 09:34:27,823 INFO o.a.j.t.ThreadGroup: Started thread group number 1
2017-08-29 09:34:27,823 INFO o.a.j.e.StandardJMeterEngine: All thread groups have been started
2017-08-29 09:34:27,823 INFO o.a.j.t.JMeterThread: Thread started: Grupo de Hilos 1-1
2017-08-29 09:34:27,823 INFO o.a.j.t.JMeterThread: Thread is done: Grupo de Hilos 1-1
2017-08-29 09:34:27,823 INFO o.a.j.t.JMeterThread: Thread finished: Grupo de Hilos 1-1
2017-08-29 09:34:27,823 INFO o.a.j.e.StandardJMeterEngine: Notifying test listeners of end of test
2017-08-29 09:34:27,824 INFO o.a.j.g.u.JMeterMenuBar: setRunning(false, *local*)
2017-08-29 09:34:40,305 INFO o.a.j.e.StandardJMeterEngine: Running the test!
2017-08-29 09:34:40,305 INFO o.a.j.s.SampleEvent: List of sample_variables: []
2017-08-29 09:34:40,306 INFO o.a.j.g.u.JMeterMenuBar: setRunning(true, *local*)
2017-08-29 09:34:40,412 INFO o.a.j.e.StandardJMeterEngine: Starting ThreadGroup: 1 : Grupo de Hilos
2017-08-29 09:34:40,413 INFO o.a.j.e.StandardJMeterEngine: Starting 1 threads for group Grupo de Hilos.
2017-08-29 09:34:40,413 INFO o.a.j.e.StandardJMeterEngine: Thread will continue on error
2017-08-29 09:34:40,413 INFO o.a.j.t.ThreadGroup: Starting thread group... number=1 threads=1 ramp-up=1 perThread=1000.0 delayedStart=false
2017-08-29 09:34:40,413 INFO o.a.j.t.ThreadGroup: Started thread group number 1
2017-08-29 09:34:40,413 INFO o.a.j.e.StandardJMeterEngine: All thread groups have been started
2017-08-29 09:34:40,413 INFO o.a.j.t.JMeterThread: Thread started: Grupo de Hilos 1-1
2017-08-29 09:34:40,414 INFO o.a.j.t.JMeterThread: Thread is done: Grupo de Hilos 1-1
2017-08-29 09:34:40,414 INFO o.a.j.t.JMeterThread: Thread finished: Grupo de Hilos 1-1
2017-08-29 09:34:40,414 INFO o.a.j.e.StandardJMeterEngine: Notifying test listeners of end of test
2017-08-29 09:34:40,417 INFO o.a.j.g.u.JMeterMenuBar: setRunning(false, *local*)
2017-08-29 09:34:59,892 INFO o.a.j.e.StandardJMeterEngine: Running the test!
2017-08-29 09:34:59,892 INFO o.a.j.s.SampleEvent: List of sample_variables: []
2017-08-29 09:34:59,893 INFO o.a.j.g.u.JMeterMenuBar: setRunning(true, *local*)
2017-08-29 09:34:59,986 INFO o.a.j.e.StandardJMeterEngine: Starting ThreadGroup: 1 : Grupo de Hilos
2017-08-29 09:34:59,987 INFO o.a.j.e.StandardJMeterEngine: Starting 1 threads for group Grupo de Hilos.
2017-08-29 09:34:59,987 INFO o.a.j.e.StandardJMeterEngine: Thread will continue on error
2017-08-29 09:34:59,987 INFO o.a.j.t.ThreadGroup: Starting thread group... number=1 threads=1 ramp-up=1 perThread=1000.0 delayedStart=false
2017-08-29 09:34:59,987 INFO o.a.j.t.ThreadGroup: Started thread group number 1
2017-08-29 09:34:59,987 INFO o.a.j.e.StandardJMeterEngine: All thread groups have been started
2017-08-29 09:34:59,987 INFO o.a.j.t.JMeterThread: Thread started: Grupo de Hilos 1-1
2017-08-29 09:34:59,989 INFO o.a.j.t.JMeterThread: Thread is done: Grupo de Hilos 1-1
2017-08-29 09:34:59,990 INFO o.a.j.t.JMeterThread: Thread finished: Grupo de Hilos 1-1
2017-08-29 09:34:59,990 INFO o.a.j.e.StandardJMeterEngine: Notifying test listeners of end of test
2017-08-29 09:34:59,992 INFO o.a.j.g.u.JMeterMenuBar: setRunning(false, *local*)
2017-08-29 09:45:40,911 INFO o.a.j.e.StandardJMeterEngine: Running the test!
2017-08-29 09:45:40,911 INFO o.a.j.s.SampleEvent: List of sample_variables: []
2017-08-29 09:45:40,912 INFO o.a.j.g.u.JMeterMenuBar: setRunning(true, *local*)
2017-08-29 09:45:41,009 INFO o.a.j.e.StandardJMeterEngine: Starting ThreadGroup: 1 : Grupo de Hilos
2017-08-29 09:45:41,009 INFO o.a.j.e.StandardJMeterEngine: Starting 1 threads for group Grupo de Hilos.
2017-08-29 09:45:41,009 INFO o.a.j.e.StandardJMeterEngine: Thread will continue on error
2017-08-29 09:45:41,009 INFO o.a.j.t.ThreadGroup: Starting thread group... number=1 threads=1 ramp-up=1 perThread=1000.0 delayedStart=false
2017-08-29 09:45:41,009 INFO o.a.j.t.ThreadGroup: Started thread group number 1
2017-08-29 09:45:41,009 INFO o.a.j.e.StandardJMeterEngine: All thread groups have been started
2017-08-29 09:45:41,010 INFO o.a.j.t.JMeterThread: Thread started: Grupo de Hilos 1-1
2017-08-29 09:45:41,012 INFO o.a.j.t.JMeterThread: Thread is done: Grupo de Hilos 1-1
2017-08-29 09:45:41,012 INFO o.a.j.t.JMeterThread: Thread finished: Grupo de Hilos 1-1
2017-08-29 09:45:41,012 INFO o.a.j.e.StandardJMeterEngine: Notifying test listeners of end of test
2017-08-29 09:45:41,013 INFO o.a.j.g.u.JMeterMenuBar: setRunning(false, *local*)
2017-08-29 09:49:09,998 INFO o.a.j.e.StandardJMeterEngine: Running the test!
2017-08-29 09:49:09,999 INFO o.a.j.s.SampleEvent: List of sample_variables: []
2017-08-29 09:49:10,001 INFO o.a.j.g.u.JMeterMenuBar: setRunning(true, *local*)
2017-08-29 09:49:10,107 INFO o.a.j.e.StandardJMeterEngine: Starting ThreadGroup: 1 : Grupo de Hilos
2017-08-29 09:49:10,107 INFO o.a.j.e.StandardJMeterEngine: Starting 1 threads for group Grupo de Hilos.
2017-08-29 09:49:10,107 INFO o.a.j.e.StandardJMeterEngine: Thread will continue on error
2017-08-29 09:49:10,107 INFO o.a.j.t.ThreadGroup: Starting thread group... number=1 threads=1 ramp-up=1 perThread=1000.0 delayedStart=false
2017-08-29 09:49:10,107 INFO o.a.j.t.ThreadGroup: Started thread group number 1
2017-08-29 09:49:10,107 INFO o.a.j.e.StandardJMeterEngine: All thread groups have been started
2017-08-29 09:49:10,108 INFO o.a.j.t.JMeterThread: Thread started: Grupo de Hilos 1-1
2017-08-29 09:49:10,110 INFO o.a.j.t.JMeterThread: Thread is done: Grupo de Hilos 1-1
2017-08-29 09:49:10,110 INFO o.a.j.t.JMeterThread: Thread finished: Grupo de Hilos 1-1
2017-08-29 09:49:10,110 INFO o.a.j.e.StandardJMeterEngine: Notifying test listeners of end of test
2017-08-29 09:49:10,110 INFO o.a.j.g.u.JMeterMenuBar: setRunning(false, *local*)
